2019-04-16 11:40:55.8780 [DEBUG] Validating model...
2019-04-16 11:40:56.1043 [DEBUG] Model updated
2019-04-16 11:40:56.1053 [DEBUG] Authenticating with server...
2019-04-16 11:40:59.7547 [DEBUG] Connected to room. (94295:SceneFusion:SceneFusion)
2019-04-16 11:40:59.7937 [INFO] Connected to server.
2019-04-16 11:40:59.7947 [DEBUG] OS : Microsoft Windows NT 10.0.17134.0
2019-04-16 11:40:59.7947 [DEBUG] Unity Version : 2018.3.9f1
2019-04-16 11:40:59.7957 [DEBUG] Pro License : False
2019-04-16 11:40:59.7957 [DEBUG] Platform : WindowsEditor
2019-04-16 11:40:59.7957 [DEBUG] Build Target : StandaloneWindows64
2019-04-16 11:40:59.7957 [DEBUG] Scene Fusion version : 1.8.2
2019-04-16 11:40:59.7957 [DEBUG] Scene Fusion client build : 2
2019-04-16 11:40:59.7967 [DEBUG] User : fragneborn@gmail.com
2019-04-16 11:40:59.7967 [DEBUG] Waiting for server response
2019-04-16 11:41:00.0501 [DEBUG] Tier: Scene Fusion - Free, Permissions: 00001400
2019-04-16 11:41:00.0501 [DEBUG] User Permissions: FFFFFFFF
2019-04-16 11:41:00.8192 [DEBUG] No stand-in for UnityEngine.LocalizationAsset
2019-04-16 11:41:00.8192 [DEBUG] No stand-in for UnityEngine.ProceduralMaterial
2019-04-16 11:41:00.8192 [DEBUG] No stand-in for UnityEngine.ProceduralTexture
2019-04-16 11:41:00.8192 [DEBUG] No stand-in for UnityEngine.TerrainLayer
2019-04-16 11:41:00.8192 [DEBUG] No stand-in for UnityEngine.Experimental.VFX.VisualEffectAsset
2019-04-16 11:41:03.3253 [DEBUG] Loading complete
2019-04-16 11:41:21.5146 [DEBUG] Disconnecting temporarily to enter play mode.
2019-04-16 11:41:21.5162 [DEBUG] Disconnecting from room (94295:SceneFusion:SceneFusion)
2019-04-16 11:41:21.5281 [INFO] Disconnected from server.
2019-04-16 11:41:21.5286 [DEBUG] Disconnect. (Duration: 20)
2019-04-16 11:41:21.8844 [INFO] Static batching in play mode is not supported in a Scene Fusion session and will be temporarily disabled.
2019-04-16 11:41:27.4369 [DEBUG] Scene Fusion version 1.8.2-2
2019-04-16 11:41:27.6239 [DEBUG] Play mode: True, sync in play mode: True
2019-04-16 11:41:27.9406 [DEBUG] Connecting
2019-04-16 11:41:27.9845 [DEBUG] Connecting to room (94295:SceneFusion:SceneFusion) via TCP at roommanager-ec2-18-228-191-46.kinematicsoup.com:21312
2019-04-16 11:41:28.0054 [DEBUG] Guest connection. (Session: 94295)
2019-04-16 11:41:28.2318 [DEBUG] Validating model...
2019-04-16 11:41:28.4662 [DEBUG] Model updated
2019-04-16 11:41:28.4672 [DEBUG] Authenticating with server...
2019-04-16 11:41:31.6762 [DEBUG] Connected to room. (94295:SceneFusion:SceneFusion)
2019-04-16 11:41:31.7051 [INFO] Connected to server.
2019-04-16 11:41:31.7061 [DEBUG] OS : Microsoft Windows NT 10.0.17134.0
2019-04-16 11:41:31.7061 [DEBUG] Unity Version : 2018.3.9f1
2019-04-16 11:41:31.7061 [DEBUG] Pro License : False
2019-04-16 11:41:31.7071 [DEBUG] Platform : WindowsEditor
2019-04-16 11:41:31.7071 [DEBUG] Build Target : StandaloneWindows64
2019-04-16 11:41:31.7071 [DEBUG] Scene Fusion version : 1.8.2
2019-04-16 11:41:31.7071 [DEBUG] Scene Fusion client build : 2
2019-04-16 11:41:31.7081 [DEBUG] User : fragneborn@gmail.com
2019-04-16 11:41:31.7081 [DEBUG] Waiting for server response
2019-04-16 11:41:32.0496 [DEBUG] Tier: Scene Fusion - Free, Permissions: 00001400
2019-04-16 11:41:32.0496 [DEBUG] User Permissions: FFFFFFFF
2019-04-16 11:41:32.4072 [DEBUG] No stand-in for UnityEngine.LocalizationAsset
2019-04-16 11:41:32.4072 [DEBUG] No stand-in for UnityEngine.ProceduralMaterial
2019-04-16 11:41:32.4072 [DEBUG] No stand-in for UnityEngine.ProceduralTexture
2019-04-16 11:41:32.4072 [DEBUG] No stand-in for UnityEngine.TerrainLayer
2019-04-16 11:41:32.4072 [DEBUG] No stand-in for UnityEngine.Experimental.VFX.VisualEffectAsset
2019-04-16 11:41:33.2998 [DEBUG] Loading complete
2019-04-16 11:42:28.5807 [DEBUG] Play mode: False
2019-04-16 11:42:29.0797 [DEBUG] Loading complete
2019-04-16 11:44:47.8413 [DEBUG] Disconnecting temporarily to enter play mode.
2019-04-16 11:44:47.8423 [DEBUG] Disconnecting from room (94295:SceneFusion:SceneFusion)
2019-04-16 11:44:47.8483 [INFO] Disconnected from server.
2019-04-16 11:44:47.8483 [DEBUG] Disconnect. (Duration: 141)
2019-04-16 11:44:47.9500 [INFO] Static batching in play mode is not supported in a Scene Fusion session and will be temporarily disabled.
2019-04-16 11:44:52.5786 [DEBUG] Scene Fusion version 1.8.2-2
2019-04-16 11:44:52.7401 [DEBUG] Play mode: True, sync in play mode: False
2019-04-16 11:44:53.0942 [DEBUG] Connecting to room (94295:SceneFusion:SceneFusion) via TCP at roommanager-ec2-18-228-191-46.kinematicsoup.com:21312
2019-04-16 11:44:53.1082 [DEBUG] Guest connection. (Session: 94295)
2019-04-16 11:44:53.3356 [DEBUG] Validating model...
2019-04-16 11:44:53.5679 [DEBUG] Model updated
2019-04-16 11:44:53.5689 [DEBUG] Authenticating with server...
2019-04-16 11:44:56.7854 [DEBUG] Connected to room. (94295:SceneFusion:SceneFusion)
2019-04-16 11:44:56.8064 [INFO] Connected to server.
2019-04-16 11:44:56.8074 [DEBUG] OS : Microsoft Windows NT 10.0.17134.0
2019-04-16 11:44:56.8074 [DEBUG] Unity Version : 2018.3.9f1
2019-04-16 11:44:56.8074 [DEBUG] Pro License : False
2019-04-16 11:44:56.8084 [DEBUG] Platform : WindowsEditor
2019-04-16 11:44:56.8084 [DEBUG] Build Target : StandaloneWindows64
2019-04-16 11:44:56.8084 [DEBUG] Scene Fusion version : 1.8.2
2019-04-16 11:44:56.8094 [DEBUG] Scene Fusion client build : 2
2019-04-16 11:44:56.8094 [DEBUG] User : fragneborn@gmail.com
2019-04-16 11:44:57.1233 [DEBUG] Tier: Scene Fusion - Free, Permissions: 00001400
2019-04-16 11:44:57.1233 [DEBUG] User Permissions: FFFFFFFF
2019-04-16 11:44:57.3033 [DEBUG] No stand-in for UnityEngine.LocalizationAsset
2019-04-16 11:44:57.3033 [DEBUG] No stand-in for UnityEngine.ProceduralMaterial
2019-04-16 11:44:57.3033 [DEBUG] No stand-in for UnityEngine.ProceduralTexture
2019-04-16 11:44:57.3033 [DEBUG] No stand-in for UnityEngine.TerrainLayer
2019-04-16 11:44:57.3043 [DEBUG] No stand-in for UnityEngine.Experimental.VFX.VisualEffectAsset
2019-04-16 11:45:24.5137 [DEBUG] Play mode: False
2019-04-16 11:45:25.3596 [DEBUG] Loading complete
2019-04-16 11:45:34.9808 [DEBUG] Disconnecting temporarily to enter play mode.
2019-04-16 11:45:34.9818 [DEBUG] Disconnecting from room (94295:SceneFusion:SceneFusion)
2019-04-16 11:45:34.9918 [INFO] Disconnected from server.
2019-04-16 11:45:34.9928 [DEBUG] Disconnect. (Duration: 11)
2019-04-16 11:45:35.1075 [INFO] Static batching in play mode is not supported in a Scene Fusion session and will be temporarily disabled.
2019-04-16 11:45:39.8378 [DEBUG] Scene Fusion version 1.8.2-2
2019-04-16 11:45:40.0074 [DEBUG] Play mode: True, sync in play mode: False
2019-04-16 11:45:40.3494 [DEBUG] Connecting to room (94295:SceneFusion:SceneFusion) via TCP at roommanager-ec2-18-228-191-46.kinematicsoup.com:21312
2019-04-16 11:45:40.3643 [DEBUG] Guest connection. (Session: 94295)
2019-04-16 11:45:40.5785 [DEBUG] Validating model...
2019-04-16 11:45:40.7981 [DEBUG] Model updated
2019-04-16 11:45:40.7991 [DEBUG] Authenticating with server...
2019-04-16 11:45:43.9896 [DEBUG] Connected to room. (94295:SceneFusion:SceneFusion)
2019-04-16 11:45:44.0175 [INFO] Connected to server.
2019-04-16 11:45:44.0185 [DEBUG] OS : Microsoft Windows NT 10.0.17134.0
2019-04-16 11:45:44.0185 [DEBUG] Unity Version : 2018.3.9f1
2019-04-16 11:45:44.0185 [DEBUG] Pro License : False
2019-04-16 11:45:44.0185 [DEBUG] Platform : WindowsEditor
2019-04-16 11:45:44.0195 [DEBUG] Build Target : StandaloneWindows64
2019-04-16 11:45:44.0195 [DEBUG] Scene Fusion version : 1.8.2
2019-04-16 11:45:44.0195 [DEBUG] Scene Fusion client build : 2
2019-04-16 11:45:44.0195 [DEBUG] User : fragneborn@gmail.com
2019-04-16 11:45:44.3287 [DEBUG] Tier: Scene Fusion - Free, Permissions: 00001400
2019-04-16 11:45:44.3297 [DEBUG] User Permissions: FFFFFFFF
2019-04-16 11:45:44.5063 [DEBUG] No stand-in for UnityEngine.LocalizationAsset
2019-04-16 11:45:44.5073 [DEBUG] No stand-in for UnityEngine.ProceduralMaterial
2019-04-16 11:45:44.5073 [DEBUG] No stand-in for UnityEngine.ProceduralTexture
2019-04-16 11:45:44.5073 [DEBUG] No stand-in for UnityEngine.TerrainLayer
2019-04-16 11:45:44.5073 [DEBUG] No stand-in for UnityEngine.Experimental.VFX.VisualEffectAsset
2019-04-16 11:46:13.5248 [DEBUG] Play mode: False
2019-04-16 11:46:14.4748 [DEBUG] Loading complete
2019-04-16 11:46:22.0030 [DEBUG] Disconnecting temporarily to enter play mode.
2019-04-16 11:46:22.0030 [DEBUG] Disconnecting from room (94295:SceneFusion:SceneFusion)
2019-04-16 11:46:22.0100 [INFO] Disconnected from server.
2019-04-16 11:46:22.0100 [DEBUG] Disconnect. (Duration: 9)
2019-04-16 11:46:22.0728 [INFO] Static batching in play mode is not supported in a Scene Fusion session and will be temporarily disabled.
2019-04-16 11:46:25.8864 [DEBUG] Scene Fusion version 1.8.2-2
2019-04-16 11:46:26.0519 [DEBUG] Play mode: True, sync in play mode: False
2019-04-16 11:46:26.4200 [DEBUG] Connecting to room (94295:SceneFusion:SceneFusion) via TCP at roommanager-ec2-18-228-191-46.kinematicsoup.com:21312
2019-04-16 11:46:26.4608 [DEBUG] Guest connection. (Session: 94295)
2019-04-16 11:46:26.6849 [DEBUG] Validating model...
2019-04-16 11:46:26.9188 [DEBUG] Model updated
2019-04-16 11:46:26.9198 [DEBUG] Authenticating with server...
2019-04-16 11:46:30.4908 [DEBUG] Connected to room. (94295:SceneFusion:SceneFusion)
2019-04-16 11:46:30.5207 [INFO] Connected to server.
2019-04-16 11:46:30.5217 [DEBUG] OS : Microsoft Windows NT 10.0.17134.0
2019-04-16 11:46:30.5217 [DEBUG] Unity Version : 2018.3.9f1
2019-04-16 11:46:30.5217 [DEBUG] Pro License : False
2019-04-16 11:46:30.5217 [DEBUG] Platform : WindowsEditor
2019-04-16 11:46:30.5227 [DEBUG] Build Target : StandaloneWindows64
2019-04-16 11:46:30.5227 [DEBUG] Scene Fusion version : 1.8.2
2019-04-16 11:46:30.5227 [DEBUG] Scene Fusion client build : 2
2019-04-16 11:46:30.5227 [DEBUG] User : fragneborn@gmail.com
2019-04-16 11:46:30.8194 [DEBUG] Tier: Scene Fusion - Free, Permissions: 00001400
2019-04-16 11:46:30.8194 [DEBUG] User Permissions: FFFFFFFF
2019-04-16 11:46:30.9850 [DEBUG] No stand-in for UnityEngine.LocalizationAsset
2019-04-16 11:46:30.9850 [DEBUG] No stand-in for UnityEngine.ProceduralMaterial
2019-04-16 11:46:30.9860 [DEBUG] No stand-in for UnityEngine.ProceduralTexture
2019-04-16 11:46:30.9860 [DEBUG] No stand-in for UnityEngine.TerrainLayer
2019-04-16 11:46:30.9860 [DEBUG] No stand-in for UnityEngine.Experimental.VFX.VisualEffectAsset
2019-04-16 11:46:38.7791 [DEBUG] Play mode: False
2019-04-16 11:46:39.7992 [DEBUG] Loading complete
2019-04-16 11:46:57.8922 [DEBUG] Disconnecting temporarily to enter play mode.
2019-04-16 11:46:57.8942 [DEBUG] Disconnecting from room (94295:SceneFusion:SceneFusion)
2019-04-16 11:46:57.9012 [INFO] Disconnected from server.
2019-04-16 11:46:57.9012 [DEBUG] Disconnect. (Duration: 20)
2019-04-16 11:46:57.9670 [INFO] Static batching in play mode is not supported in a Scene Fusion session and will be temporarily disabled.
2019-04-16 11:47:02.0141 [DEBUG] Scene Fusion version 1.8.2-2
2019-04-16 11:47:02.1877 [DEBUG] Play mode: True, sync in play mode: False
2019-04-16 11:47:02.5647 [DEBUG] Connecting to room (94295:SceneFusion:SceneFusion) via TCP at roommanager-ec2-18-228-191-46.kinematicsoup.com:21312
2019-04-16 11:47:02.5797 [DEBUG] Guest connection. (Session: 94295)
2019-04-16 11:47:02.8041 [DEBUG] Validating model...
2019-04-16 11:47:03.0361 [DEBUG] Model updated
2019-04-16 11:47:03.0371 [DEBUG] Authenticating with server...
2019-04-16 11:47:06.6076 [DEBUG] Connected to room. (94295:SceneFusion:SceneFusion)
2019-04-16 11:47:06.6415 [INFO] Connected to server.
2019-04-16 11:47:06.6425 [DEBUG] OS : Microsoft Windows NT 10.0.17134.0
2019-04-16 11:47:06.6425 [DEBUG] Unity Version : 2018.3.9f1
2019-04-16 11:47:06.6435 [DEBUG] Pro License : False
2019-04-16 11:47:06.6435 [DEBUG] Platform : WindowsEditor
2019-04-16 11:47:06.6435 [DEBUG] Build Target : StandaloneWindows64
2019-04-16 11:47:06.6435 [DEBUG] Scene Fusion version : 1.8.2
2019-04-16 11:47:06.6435 [DEBUG] Scene Fusion client build : 2
2019-04-16 11:47:06.6445 [DEBUG] User : fragneborn@gmail.com
2019-04-16 11:47:06.9148 [DEBUG] Tier: Scene Fusion - Free, Permissions: 00001400
2019-04-16 11:47:06.9158 [DEBUG] User Permissions: FFFFFFFF
2019-04-16 11:47:07.6931 [DEBUG] No stand-in for UnityEngine.LocalizationAsset
2019-04-16 11:47:07.6931 [DEBUG] No stand-in for UnityEngine.ProceduralMaterial
2019-04-16 11:47:07.6931 [DEBUG] No stand-in for UnityEngine.ProceduralTexture
2019-04-16 11:47:07.6931 [DEBUG] No stand-in for UnityEngine.TerrainLayer
2019-04-16 11:47:07.6941 [DEBUG] No stand-in for UnityEngine.Experimental.VFX.VisualEffectAsset
2019-04-16 11:48:45.6064 [DEBUG] Play mode: False
2019-04-16 11:48:50.3600 [DEBUG] Uploading scene '_MENU_'
2019-04-16 11:48:50.6371 [DEBUG] Spawn request. (Objects: 25)
2019-04-16 11:49:12.7570 [DEBUG] Disconnecting temporarily to enter play mode.
2019-04-16 11:49:12.7590 [DEBUG] Disconnecting from room (94295:SceneFusion:SceneFusion)
2019-04-16 11:49:12.7670 [INFO] Disconnected from server.
2019-04-16 11:49:12.7680 [DEBUG] Disconnect. (Duration: 28)
2019-04-16 11:49:12.8977 [INFO] Static batching in play mode is not supported in a Scene Fusion session and will be temporarily disabled.
2019-04-16 11:49:17.1500 [DEBUG] Scene Fusion version 1.8.2-2
2019-04-16 11:49:17.4158 [DEBUG] Play mode: True, sync in play mode: False
2019-04-16 11:49:17.7619 [DEBUG] Connecting to room (94295:SceneFusion:SceneFusion) via TCP at roommanager-ec2-18-228-191-46.kinematicsoup.com:21312
2019-04-16 11:49:17.7768 [DEBUG] Guest connection. (Session: 94295)
2019-04-16 11:49:18.0032 [DEBUG] Validating model...
2019-04-16 11:49:18.2419 [DEBUG] Model updated
2019-04-16 11:49:18.2429 [DEBUG] Authenticating with server...
2019-04-16 11:49:21.8185 [DEBUG] Connected to room. (94295:SceneFusion:SceneFusion)
2019-04-16 11:49:21.8474 [INFO] Connected to server.
2019-04-16 11:49:21.8484 [DEBUG] OS : Microsoft Windows NT 10.0.17134.0
2019-04-16 11:49:21.8484 [DEBUG] Unity Version : 2018.3.9f1
2019-04-16 11:49:21.8484 [DEBUG] Pro License : False
2019-04-16 11:49:21.8494 [DEBUG] Platform : WindowsEditor
2019-04-16 11:49:21.8494 [DEBUG] Build Target : StandaloneWindows64
2019-04-16 11:49:21.8494 [DEBUG] Scene Fusion version : 1.8.2
2019-04-16 11:49:21.8494 [DEBUG] Scene Fusion client build : 2
2019-04-16 11:49:21.8494 [DEBUG] User : fragneborn@gmail.com
2019-04-16 11:49:22.4532 [DEBUG] Tier: Scene Fusion - Free, Permissions: 00001400
2019-04-16 11:49:22.4532 [DEBUG] User Permissions: FFFFFFFF
2019-04-16 11:49:23.2681 [DEBUG] No stand-in for UnityEngine.LocalizationAsset
2019-04-16 11:49:23.2691 [DEBUG] No stand-in for UnityEngine.ProceduralMaterial
2019-04-16 11:49:23.2691 [DEBUG] No stand-in for UnityEngine.ProceduralTexture
2019-04-16 11:49:23.2691 [DEBUG] No stand-in for UnityEngine.TerrainLayer
2019-04-16 11:49:23.2691 [DEBUG] No stand-in for UnityEngine.Experimental.VFX.VisualEffectAsset
2019-04-16 11:49:26.7695 [DEBUG] Play mode: False
2019-04-16 11:51:23.9197 [DEBUG] Disconnecting temporarily to enter play mode.
2019-04-16 11:51:23.9207 [DEBUG] Disconnecting from room (94295:SceneFusion:SceneFusion)
2019-04-16 11:51:23.9252 [INFO] Disconnected from server.
2019-04-16 11:51:23.9252 [DEBUG] Disconnect. (Duration: 118)
2019-04-16 11:51:23.9940 [INFO] Static batching in play mode is not supported in a Scene Fusion session and will be temporarily disabled.
2019-04-16 11:51:28.0302 [DEBUG] Scene Fusion version 1.8.2-2
2019-04-16 11:51:28.1997 [DEBUG] Play mode: True, sync in play mode: False
2019-04-16 11:51:28.5583 [DEBUG] Connecting to room (94295:SceneFusion:SceneFusion) via TCP at roommanager-ec2-18-228-191-46.kinematicsoup.com:21312
2019-04-16 11:51:28.6062 [DEBUG] Guest connection. (Session: 94295)
2019-04-16 11:51:28.8246 [DEBUG] Validating model...
2019-04-16 11:51:29.0585 [DEBUG] Model updated
2019-04-16 11:51:29.0595 [DEBUG] Authenticating with server...
2019-04-16 11:51:32.2590 [DEBUG] Connected to room. (94295:SceneFusion:SceneFusion)
2019-04-16 11:51:32.2819 [INFO] Connected to server.
2019-04-16 11:51:32.2829 [DEBUG] OS : Microsoft Windows NT 10.0.17134.0
2019-04-16 11:51:32.2839 [DEBUG] Unity Version : 2018.3.9f1
2019-04-16 11:51:32.2839 [DEBUG] Pro License : False
2019-04-16 11:51:32.2849 [DEBUG] Platform : WindowsEditor
2019-04-16 11:51:32.2849 [DEBUG] Build Target : StandaloneWindows64
2019-04-16 11:51:32.2849 [DEBUG] Scene Fusion version : 1.8.2
2019-04-16 11:51:32.2849 [DEBUG] Scene Fusion client build : 2
2019-04-16 11:51:32.2859 [DEBUG] User : fragneborn@gmail.com
2019-04-16 11:51:32.9137 [DEBUG] Tier: Scene Fusion - Free, Permissions: 00001400
2019-04-16 11:51:32.9137 [DEBUG] User Permissions: FFFFFFFF
2019-04-16 11:51:33.6911 [DEBUG] No stand-in for UnityEngine.LocalizationAsset
2019-04-16 11:51:33.6921 [DEBUG] No stand-in for UnityEngine.ProceduralMaterial
2019-04-16 11:51:33.6921 [DEBUG] No stand-in for UnityEngine.ProceduralTexture
2019-04-16 11:51:33.6921 [DEBUG] No stand-in for UnityEngine.TerrainLayer
2019-04-16 11:51:33.6921 [DEBUG] No stand-in for UnityEngine.Experimental.VFX.VisualEffectAsset
2019-04-16 11:51:35.9885 [DEBUG] Play mode: False
2019-04-16 11:52:47.4620 [DEBUG] Disconnecting temporarily to enter play mode.
2019-04-16 11:52:47.4630 [DEBUG] Disconnecting from room (94295:SceneFusion:SceneFusion)
2019-04-16 11:52:47.4690 [INFO] Disconnected from server.
2019-04-16 11:52:47.4690 [DEBUG] Disconnect. (Duration: 72)
2019-04-16 11:52:47.5458 [INFO] Static batching in play mode is not supported in a Scene Fusion session and will be temporarily disabled.
2019-04-16 11:52:51.6684 [DEBUG] Scene Fusion version 1.8.2-2
2019-04-16 11:52:51.8479 [DEBUG] Play mode: True, sync in play mode: False
2019-04-16 11:52:52.2273 [DEBUG] Connecting to room (94295:SceneFusion:SceneFusion) via TCP at roommanager-ec2-18-228-191-46.kinematicsoup.com:21312
2019-04-16 11:52:52.2422 [DEBUG] Guest connection. (Session: 94295)
2019-04-16 11:52:52.4577 [DEBUG] Validating model...
2019-04-16 11:52:52.6880 [DEBUG] Model updated
2019-04-16 11:52:52.6890 [DEBUG] Authenticating with server...
2019-04-16 11:52:55.8856 [DEBUG] Connected to room. (94295:SceneFusion:SceneFusion)
2019-04-16 11:52:55.9534 [INFO] Connected to server.
2019-04-16 11:52:55.9544 [DEBUG] OS : Microsoft Windows NT 10.0.17134.0
2019-04-16 11:52:55.9544 [DEBUG] Unity Version : 2018.3.9f1
2019-04-16 11:52:55.9554 [DEBUG] Pro License : False
2019-04-16 11:52:55.9554 [DEBUG] Platform : WindowsEditor
2019-04-16 11:52:55.9554 [DEBUG] Build Target : StandaloneWindows64
2019-04-16 11:52:55.9554 [DEBUG] Scene Fusion version : 1.8.2
2019-04-16 11:52:55.9564 [DEBUG] Scene Fusion client build : 2
2019-04-16 11:52:55.9564 [DEBUG] User : fragneborn@gmail.com
2019-04-16 11:52:56.4691 [DEBUG] Tier: Scene Fusion - Free, Permissions: 00001400
2019-04-16 11:52:56.4691 [DEBUG] User Permissions: FFFFFFFF
2019-04-16 11:52:57.3636 [DEBUG] No stand-in for UnityEngine.LocalizationAsset
2019-04-16 11:52:57.3646 [DEBUG] No stand-in for UnityEngine.ProceduralMaterial
2019-04-16 11:52:57.3646 [DEBUG] No stand-in for UnityEngine.ProceduralTexture
2019-04-16 11:52:57.3646 [DEBUG] No stand-in for UnityEngine.TerrainLayer
2019-04-16 11:52:57.3646 [DEBUG] No stand-in for UnityEngine.Experimental.VFX.VisualEffectAsset
2019-04-16 11:52:59.3874 [DEBUG] Play mode: False
2019-04-16 11:54:11.7463 [DEBUG] Disconnecting temporarily to enter play mode.
2019-04-16 11:54:11.7473 [DEBUG] Disconnecting from room (94295:SceneFusion:SceneFusion)
2019-04-16 11:54:11.7533 [INFO] Disconnected from server.
2019-04-16 11:54:11.7533 [DEBUG] Disconnect. (Duration: 73)
2019-04-16 11:54:11.8361 [INFO] Static batching in play mode is not supported in a Scene Fusion session and will be temporarily disabled.
2019-04-16 11:54:16.3678 [DEBUG] Scene Fusion version 1.8.2-2
2019-04-16 11:54:16.5403 [DEBUG] Play mode: True, sync in play mode: False
2019-04-16 11:54:16.9253 [DEBUG] Connecting to room (94295:SceneFusion:SceneFusion) via TCP at roommanager-ec2-18-228-191-46.kinematicsoup.com:21312
2019-04-16 11:54:16.9423 [DEBUG] Guest connection. (Session: 94295)
2019-04-16 11:54:17.1678 [DEBUG] Validating model...
2019-04-16 11:54:17.4080 [DEBUG] Model updated
2019-04-16 11:54:17.4090 [DEBUG] Authenticating with server...
2019-04-16 11:54:20.6083 [DEBUG] Connected to room. (94295:SceneFusion:SceneFusion)
2019-04-16 11:54:20.6363 [INFO] Connected to server.
2019-04-16 11:54:20.6373 [DEBUG] OS : Microsoft Windows NT 10.0.17134.0
2019-04-16 11:54:20.6373 [DEBUG] Unity Version : 2018.3.9f1
2019-04-16 11:54:20.6383 [DEBUG] Pro License : False
2019-04-16 11:54:20.6383 [DEBUG] Platform : WindowsEditor
2019-04-16 11:54:20.6383 [DEBUG] Build Target : StandaloneWindows64
2019-04-16 11:54:20.6383 [DEBUG] Scene Fusion version : 1.8.2
2019-04-16 11:54:20.6383 [DEBUG] Scene Fusion client build : 2
2019-04-16 11:54:20.6393 [DEBUG] User : fragneborn@gmail.com
2019-04-16 11:54:21.1772 [DEBUG] Tier: Scene Fusion - Free, Permissions: 00001400
2019-04-16 11:54:21.1781 [DEBUG] User Permissions: FFFFFFFF
2019-04-16 11:54:21.9452 [DEBUG] No stand-in for UnityEngine.LocalizationAsset
2019-04-16 11:54:21.9462 [DEBUG] No stand-in for UnityEngine.ProceduralMaterial
2019-04-16 11:54:21.9462 [DEBUG] No stand-in for UnityEngine.ProceduralTexture
2019-04-16 11:54:21.9462 [DEBUG] No stand-in for UnityEngine.TerrainLayer
2019-04-16 11:54:21.9462 [DEBUG] No stand-in for UnityEngine.Experimental.VFX.VisualEffectAsset
2019-04-16 11:54:29.5071 [DEBUG] Play mode: False
2019-04-16 11:57:03.1530 [DEBUG] Disconnecting temporarily to enter play mode.
2019-04-16 11:57:03.1540 [DEBUG] Disconnecting from room (94295:SceneFusion:SceneFusion)
2019-04-16 11:57:03.1680 [INFO] Disconnected from server.
2019-04-16 11:57:03.1680 [DEBUG] Disconnect. (Duration: 155)
2019-04-16 11:57:03.2887 [INFO] Static batching in play mode is not supported in a Scene Fusion session and will be temporarily disabled.
2019-04-16 11:57:08.0001 [DEBUG] Scene Fusion version 1.8.2-2
2019-04-16 11:57:08.1816 [DEBUG] Play mode: True, sync in play mode: False
2019-04-16 11:57:08.5476 [DEBUG] Connecting to room (94295:SceneFusion:SceneFusion) via TCP at roommanager-ec2-18-228-191-46.kinematicsoup.com:21312
2019-04-16 11:57:08.5885 [DEBUG] Guest connection. (Session: 94295)
2019-04-16 11:57:08.8069 [DEBUG] Validating model...
2019-04-16 11:57:09.0340 [DEBUG] Model updated
2019-04-16 11:57:09.0350 [DEBUG] Authenticating with server...
2019-04-16 11:57:12.2440 [DEBUG] Connected to room. (94295:SceneFusion:SceneFusion)
2019-04-16 11:57:12.3158 [INFO] Connected to server.
2019-04-16 11:57:12.3168 [DEBUG] OS : Microsoft Windows NT 10.0.17134.0
2019-04-16 11:57:12.3178 [DEBUG] Unity Version : 2018.3.9f1
2019-04-16 11:57:12.3178 [DEBUG] Pro License : False
2019-04-16 11:57:12.3188 [DEBUG] Platform : WindowsEditor
2019-04-16 11:57:12.3188 [DEBUG] Build Target : StandaloneWindows64
2019-04-16 11:57:12.3188 [DEBUG] Scene Fusion version : 1.8.2
2019-04-16 11:57:12.3188 [DEBUG] Scene Fusion client build : 2
2019-04-16 11:57:12.3198 [DEBUG] User : fragneborn@gmail.com
2019-04-16 11:57:12.9032 [DEBUG] Tier: Scene Fusion - Free, Permissions: 00001400
2019-04-16 11:57:12.9042 [DEBUG] User Permissions: FFFFFFFF
2019-04-16 11:57:13.1326 [DEBUG] No stand-in for UnityEngine.LocalizationAsset
2019-04-16 11:57:13.1336 [DEBUG] No stand-in for UnityEngine.ProceduralMaterial
2019-04-16 11:57:13.1341 [DEBUG] No stand-in for UnityEngine.ProceduralTexture
2019-04-16 11:57:13.1341 [DEBUG] No stand-in for UnityEngine.TerrainLayer
2019-04-16 11:57:13.1346 [DEBUG] No stand-in for UnityEngine.Experimental.VFX.VisualEffectAsset
2019-04-16 11:57:21.0071 [DEBUG] Play mode: False
2019-04-16 11:57:21.9476 [DEBUG] Loading complete
2019-04-16 11:57:33.0287 [DEBUG] Spawn request. (Objects: 1)
2019-04-16 12:01:00.7522 [DEBUG] Disconnecting temporarily to enter play mode.
2019-04-16 12:01:00.7532 [DEBUG] Disconnecting from room (94295:SceneFusion:SceneFusion)
2019-04-16 12:01:00.7632 [INFO] Disconnected from server.
2019-04-16 12:01:00.7632 [DEBUG] Disconnect. (Duration: 221)
2019-04-16 12:01:00.8287 [INFO] Static batching in play mode is not supported in a Scene Fusion session and will be temporarily disabled.
2019-04-16 12:01:04.7508 [DEBUG] Scene Fusion version 1.8.2-2
2019-04-16 12:01:04.9055 [DEBUG] Play mode: True, sync in play mode: False
2019-04-16 12:01:05.2566 [DEBUG] Connecting to room (94295:SceneFusion:SceneFusion) via TCP at roommanager-ec2-18-228-191-46.kinematicsoup.com:21312
2019-04-16 12:01:05.2706 [DEBUG] Guest connection. (Session: 94295)
2019-04-16 12:01:05.5030 [DEBUG] Validating model...
2019-04-16 12:01:05.7419 [DEBUG] Model updated
2019-04-16 12:01:05.7429 [DEBUG] Authenticating with server...
2019-04-16 12:01:08.9465 [DEBUG] Connected to room. (94295:SceneFusion:SceneFusion)
2019-04-16 12:01:08.9714 [INFO] Connected to server.
2019-04-16 12:01:08.9724 [DEBUG] OS : Microsoft Windows NT 10.0.17134.0
2019-04-16 12:01:08.9724 [DEBUG] Unity Version : 2018.3.9f1
2019-04-16 12:01:08.9724 [DEBUG] Pro License : False
2019-04-16 12:01:08.9734 [DEBUG] Platform : WindowsEditor
2019-04-16 12:01:08.9734 [DEBUG] Build Target : StandaloneWindows64
2019-04-16 12:01:08.9734 [DEBUG] Scene Fusion version : 1.8.2
2019-04-16 12:01:08.9734 [DEBUG] Scene Fusion client build : 2
2019-04-16 12:01:08.9734 [DEBUG] User : fragneborn@gmail.com
2019-04-16 12:01:10.5398 [DEBUG] Play mode: False
2019-04-16 12:01:10.6066 [DEBUG] Tier: Scene Fusion - Free, Permissions: 00001400
2019-04-16 12:01:10.6066 [DEBUG] User Permissions: FFFFFFFF
2019-04-16 12:01:11.1933 [DEBUG] No stand-in for UnityEngine.LocalizationAsset
2019-04-16 12:01:11.1943 [DEBUG] No stand-in for UnityEngine.ProceduralMaterial
2019-04-16 12:01:11.1943 [DEBUG] No stand-in for UnityEngine.ProceduralTexture
2019-04-16 12:01:11.1943 [DEBUG] No stand-in for UnityEngine.TerrainLayer
2019-04-16 12:01:11.1943 [DEBUG] No stand-in for UnityEngine.Experimental.VFX.VisualEffectAsset
2019-04-16 12:01:12.4673 [DEBUG] Disconnecting temporarily to enter play mode.
2019-04-16 12:01:12.4683 [DEBUG] Disconnecting from room (94295:SceneFusion:SceneFusion)
2019-04-16 12:01:12.4923 [INFO] Disconnected from server.
2019-04-16 12:01:12.4923 [DEBUG] Disconnect. (Duration: 2)
2019-04-16 12:01:12.6112 [INFO] Static batching in play mode is not supported in a Scene Fusion session and will be temporarily disabled.
2019-04-16 12:01:16.3682 [DEBUG] Scene Fusion version 1.8.2-2
2019-04-16 12:01:16.7931 [DEBUG] Connecting to room (94295:SceneFusion:SceneFusion) via TCP at roommanager-ec2-18-228-191-46.kinematicsoup.com:21312
2019-04-16 12:01:16.8080 [DEBUG] Guest connection. (Session: 94295)
2019-04-16 12:01:16.8080 [DEBUG] Play mode: True, sync in play mode: False
2019-04-16 12:01:17.0404 [DEBUG] Validating model...
2019-04-16 12:01:17.2822 [DEBUG] Model updated
2019-04-16 12:01:17.2832 [DEBUG] Authenticating with server...
2019-04-16 12:01:20.4936 [DEBUG] Connected to room. (94295:SceneFusion:SceneFusion)
2019-04-16 12:01:20.5315 [INFO] Connected to server.
2019-04-16 12:01:20.5325 [DEBUG] OS : Microsoft Windows NT 10.0.17134.0
2019-04-16 12:01:20.5325 [DEBUG] Unity Version : 2018.3.9f1
2019-04-16 12:01:20.5335 [DEBUG] Pro License : False
2019-04-16 12:01:20.5335 [DEBUG] Platform : WindowsEditor
2019-04-16 12:01:20.5335 [DEBUG] Build Target : StandaloneWindows64
2019-04-16 12:01:20.5335 [DEBUG] Scene Fusion version : 1.8.2
2019-04-16 12:01:20.5335 [DEBUG] Scene Fusion client build : 2
2019-04-16 12:01:20.5345 [DEBUG] User : fragneborn@gmail.com
2019-04-16 12:01:21.1576 [DEBUG] Tier: Scene Fusion - Free, Permissions: 00001400
2019-04-16 12:01:21.1576 [DEBUG] User Permissions: FFFFFFFF
2019-04-16 12:01:21.4521 [DEBUG] No stand-in for UnityEngine.LocalizationAsset
2019-04-16 12:01:21.4521 [DEBUG] No stand-in for UnityEngine.ProceduralMaterial
2019-04-16 12:01:21.4531 [DEBUG] No stand-in for UnityEngine.ProceduralTexture
2019-04-16 12:01:21.4531 [DEBUG] No stand-in for UnityEngine.TerrainLayer
2019-04-16 12:01:21.4531 [DEBUG] No stand-in for UnityEngine.Experimental.VFX.VisualEffectAsset
2019-04-16 12:01:32.6606 [DEBUG] Play mode: False
2019-04-16 12:01:33.6404 [DEBUG] Loading complete
2019-04-16 12:11:22.7098 [DEBUG] Disconnecting temporarily to enter play mode.
2019-04-16 12:11:22.7108 [DEBUG] Disconnecting from room (94295:SceneFusion:SceneFusion)
2019-04-16 12:11:22.7158 [INFO] Disconnected from server.
2019-04-16 12:11:22.7158 [DEBUG] Disconnect. (Duration: 591)
2019-04-16 12:11:22.7926 [INFO] Static batching in play mode is not supported in a Scene Fusion session and will be temporarily disabled.
2019-04-16 12:11:27.3317 [DEBUG] Scene Fusion version 1.8.2-2
2019-04-16 12:11:27.4832 [DEBUG] Play mode: True, sync in play mode: False
2019-04-16 12:11:27.8764 [DEBUG] Connecting to room (94295:SceneFusion:SceneFusion) via TCP at roommanager-ec2-18-228-191-46.kinematicsoup.com:21312
2019-04-16 12:11:27.9172 [DEBUG] Guest connection. (Session: 94295)
2019-04-16 12:11:28.1503 [DEBUG] Validating model...
2019-04-16 12:11:28.3952 [DEBUG] Model updated
2019-04-16 12:11:28.3962 [DEBUG] Authenticating with server...
2019-04-16 12:11:31.6085 [DEBUG] Connected to room. (94295:SceneFusion:SceneFusion)
2019-04-16 12:11:31.6314 [INFO] Connected to server.
2019-04-16 12:11:31.6324 [DEBUG] OS : Microsoft Windows NT 10.0.17134.0
2019-04-16 12:11:31.6324 [DEBUG] Unity Version : 2018.3.9f1
2019-04-16 12:11:31.6334 [DEBUG] Pro License : False
2019-04-16 12:11:31.6334 [DEBUG] Platform : WindowsEditor
2019-04-16 12:11:31.6334 [DEBUG] Build Target : StandaloneWindows64
2019-04-16 12:11:31.6334 [DEBUG] Scene Fusion version : 1.8.2
2019-04-16 12:11:31.6334 [DEBUG] Scene Fusion client build : 2
2019-04-16 12:11:31.6344 [DEBUG] User : fragneborn@gmail.com
2019-04-16 12:11:32.2209 [DEBUG] Tier: Scene Fusion - Free, Permissions: 00001400
2019-04-16 12:11:32.2209 [DEBUG] User Permissions: FFFFFFFF
2019-04-16 12:11:32.9929 [DEBUG] No stand-in for UnityEngine.LocalizationAsset
2019-04-16 12:11:32.9929 [DEBUG] No stand-in for UnityEngine.ProceduralMaterial
2019-04-16 12:11:32.9929 [DEBUG] No stand-in for UnityEngine.ProceduralTexture
2019-04-16 12:11:32.9939 [DEBUG] No stand-in for UnityEngine.TerrainLayer
2019-04-16 12:11:32.9939 [DEBUG] No stand-in for UnityEngine.Experimental.VFX.VisualEffectAsset
2019-04-16 12:11:35.7761 [DEBUG] Play mode: False
2019-04-16 12:11:36.7611 [DEBUG] Disconnecting temporarily to enter play mode.
2019-04-16 12:11:36.7621 [DEBUG] Disconnecting from room (94295:SceneFusion:SceneFusion)
2019-04-16 12:11:36.7761 [INFO] Disconnected from server.
2019-04-16 12:11:36.7770 [DEBUG] Disconnect. (Duration: 2)
2019-04-16 12:11:36.8858 [INFO] Static batching in play mode is not supported in a Scene Fusion session and will be temporarily disabled.
2019-04-16 12:11:40.6875 [DEBUG] Scene Fusion version 1.8.2-2
2019-04-16 12:11:41.1353 [DEBUG] Connecting to room (94295:SceneFusion:SceneFusion) via TCP at roommanager-ec2-18-228-191-46.kinematicsoup.com:21312
2019-04-16 12:11:41.1523 [DEBUG] Guest connection. (Session: 94295)
2019-04-16 12:11:41.1533 [DEBUG] Play mode: True, sync in play mode: False
2019-04-16 12:11:41.3657 [DEBUG] Validating model...
2019-04-16 12:11:41.5901 [DEBUG] Model updated
2019-04-16 12:11:41.5921 [DEBUG] Authenticating with server...
2019-04-16 12:11:45.1629 [DEBUG] Connected to room. (94295:SceneFusion:SceneFusion)
2019-04-16 12:11:45.2018 [INFO] Connected to server.
2019-04-16 12:11:45.2038 [DEBUG] OS : Microsoft Windows NT 10.0.17134.0
2019-04-16 12:11:45.2038 [DEBUG] Unity Version : 2018.3.9f1
2019-04-16 12:11:45.2048 [DEBUG] Pro License : False
2019-04-16 12:11:45.2048 [DEBUG] Platform : WindowsEditor
2019-04-16 12:11:45.2048 [DEBUG] Build Target : StandaloneWindows64
2019-04-16 12:11:45.2058 [DEBUG] Scene Fusion version : 1.8.2
2019-04-16 12:11:45.2058 [DEBUG] Scene Fusion client build : 2
2019-04-16 12:11:45.2058 [DEBUG] User : fragneborn@gmail.com
2019-04-16 12:11:45.7922 [DEBUG] Tier: Scene Fusion - Free, Permissions: 00001400
2019-04-16 12:11:45.7922 [DEBUG] User Permissions: FFFFFFFF
2019-04-16 12:11:46.1059 [DEBUG] No stand-in for UnityEngine.LocalizationAsset
2019-04-16 12:11:46.1069 [DEBUG] No stand-in for UnityEngine.ProceduralMaterial
2019-04-16 12:11:46.1069 [DEBUG] No stand-in for UnityEngine.ProceduralTexture
2019-04-16 12:11:46.1069 [DEBUG] No stand-in for UnityEngine.TerrainLayer
2019-04-16 12:11:46.1069 [DEBUG] No stand-in for UnityEngine.Experimental.VFX.VisualEffectAsset
2019-04-16 12:12:04.5027 [DEBUG] Play mode: False
2019-04-16 12:12:05.5098 [DEBUG] Loading complete
2019-04-16 12:12:31.9753 [DEBUG] Disconnecting temporarily to enter play mode.
2019-04-16 12:12:31.9763 [DEBUG] Disconnecting from room (94295:SceneFusion:SceneFusion)
2019-04-16 12:12:31.9813 [INFO] Disconnected from server.
2019-04-16 12:12:31.9823 [DEBUG] Disconnect. (Duration: 28)
2019-04-16 12:12:32.0461 [INFO] Static batching in play mode is not supported in a Scene Fusion session and will be temporarily disabled.
2019-04-16 12:12:35.8472 [DEBUG] Scene Fusion version 1.8.2-2
2019-04-16 12:12:35.9938 [DEBUG] Play mode: True, sync in play mode: False
2019-04-16 12:12:36.3668 [DEBUG] Connecting to room (94295:SceneFusion:SceneFusion) via TCP at roommanager-ec2-18-228-191-46.kinematicsoup.com:21312
2019-04-16 12:12:36.3838 [DEBUG] Guest connection. (Session: 94295)
2019-04-16 12:12:36.6062 [DEBUG] Validating model...
2019-04-16 12:12:36.8366 [DEBUG] Model updated
2019-04-16 12:12:36.8375 [DEBUG] Authenticating with server...
2019-04-16 12:12:40.0347 [DEBUG] Connected to room. (94295:SceneFusion:SceneFusion)
2019-04-16 12:12:40.0556 [INFO] Connected to server.
2019-04-16 12:12:40.0576 [DEBUG] OS : Microsoft Windows NT 10.0.17134.0
2019-04-16 12:12:40.0576 [DEBUG] Unity Version : 2018.3.9f1
2019-04-16 12:12:40.0586 [DEBUG] Pro License : False
2019-04-16 12:12:40.0586 [DEBUG] Platform : WindowsEditor
2019-04-16 12:12:40.0596 [DEBUG] Build Target : StandaloneWindows64
2019-04-16 12:12:40.0596 [DEBUG] Scene Fusion version : 1.8.2
2019-04-16 12:12:40.0596 [DEBUG] Scene Fusion client build : 2
2019-04-16 12:12:40.0606 [DEBUG] User : fragneborn@gmail.com
2019-04-16 12:12:40.6884 [DEBUG] Tier: Scene Fusion - Free, Permissions: 00001400
2019-04-16 12:12:40.6894 [DEBUG] User Permissions: FFFFFFFF
2019-04-16 12:12:40.9298 [DEBUG] No stand-in for UnityEngine.LocalizationAsset
2019-04-16 12:12:40.9298 [DEBUG] No stand-in for UnityEngine.ProceduralMaterial
2019-04-16 12:12:40.9298 [DEBUG] No stand-in for UnityEngine.ProceduralTexture
2019-04-16 12:12:40.9298 [DEBUG] No stand-in for UnityEngine.TerrainLayer
2019-04-16 12:12:40.9308 [DEBUG] No stand-in for UnityEngine.Experimental.VFX.VisualEffectAsset
2019-04-16 12:13:28.0853 [DEBUG] Play mode: False
2019-04-16 12:13:29.1130 [DEBUG] Loading complete
2019-04-16 12:16:12.3197 [DEBUG] Disconnecting temporarily to enter play mode.
2019-04-16 12:16:12.3197 [DEBUG] Disconnecting from room (94295:SceneFusion:SceneFusion)
2019-04-16 12:16:12.3246 [INFO] Disconnected from server.
2019-04-16 12:16:12.3246 [DEBUG] Disconnect. (Duration: 165)
2019-04-16 12:16:12.4134 [INFO] Static batching in play mode is not supported in a Scene Fusion session and will be temporarily disabled.
2019-04-16 12:16:16.6596 [DEBUG] Scene Fusion version 1.8.2-2
2019-04-16 12:16:16.8411 [DEBUG] Play mode: True, sync in play mode: False
2019-04-16 12:16:17.2333 [DEBUG] Connecting to room (94295:SceneFusion:SceneFusion) via TCP at roommanager-ec2-18-228-191-46.kinematicsoup.com:21312
2019-04-16 12:16:17.2482 [DEBUG] Guest connection. (Session: 94295)
2019-04-16 12:16:17.4647 [DEBUG] Validating model...
2019-04-16 12:16:17.6871 [DEBUG] Model updated
2019-04-16 12:16:17.6881 [DEBUG] Authenticating with server...
2019-04-16 12:16:20.8953 [DEBUG] Connected to room. (94295:SceneFusion:SceneFusion)
2019-04-16 12:16:21.1157 [DEBUG] Play mode: False
2019-04-16 12:16:21.1326 [INFO] Connected to server.
2019-04-16 12:16:21.1336 [DEBUG] OS : Microsoft Windows NT 10.0.17134.0
2019-04-16 12:16:21.1336 [DEBUG] Unity Version : 2018.3.9f1
2019-04-16 12:16:21.1336 [DEBUG] Pro License : False
2019-04-16 12:16:21.1346 [DEBUG] Platform : WindowsEditor
2019-04-16 12:16:21.1346 [DEBUG] Build Target : StandaloneWindows64
2019-04-16 12:16:21.1346 [DEBUG] Scene Fusion version : 1.8.2
2019-04-16 12:16:21.1346 [DEBUG] Scene Fusion client build : 2
2019-04-16 12:16:21.1346 [DEBUG] User : fragneborn@gmail.com
2019-04-16 12:16:21.4598 [DEBUG] Tier: Scene Fusion - Free, Permissions: 00001400
2019-04-16 12:16:21.4607 [DEBUG] User Permissions: FFFFFFFF
2019-04-16 12:16:22.2101 [DEBUG] No stand-in for UnityEngine.LocalizationAsset
2019-04-16 12:16:22.2101 [DEBUG] No stand-in for UnityEngine.ProceduralMaterial
2019-04-16 12:16:22.2101 [DEBUG] No stand-in for UnityEngine.ProceduralTexture
2019-04-16 12:16:22.2111 [DEBUG] No stand-in for UnityEngine.TerrainLayer
2019-04-16 12:16:22.2111 [DEBUG] No stand-in for UnityEngine.Experimental.VFX.VisualEffectAsset
2019-04-16 12:23:46.1019 [DEBUG] Disconnecting temporarily to enter play mode.
2019-04-16 12:23:46.1029 [DEBUG] Disconnecting from room (94295:SceneFusion:SceneFusion)
2019-04-16 12:23:46.1089 [INFO] Disconnected from server.
2019-04-16 12:23:46.1089 [DEBUG] Disconnect. (Duration: 446)
2019-04-16 12:23:46.1956 [INFO] Static batching in play mode is not supported in a Scene Fusion session and will be temporarily disabled.
2019-04-16 12:23:51.0540 [DEBUG] Scene Fusion version 1.8.2-2
2019-04-16 12:23:51.2444 [DEBUG] Play mode: True, sync in play mode: False
2019-04-16 12:23:51.6584 [DEBUG] Connecting to room (94295:SceneFusion:SceneFusion) via TCP at roommanager-ec2-18-228-191-46.kinematicsoup.com:21312
2019-04-16 12:23:51.6998 [DEBUG] Guest connection. (Session: 94295)
2019-04-16 12:23:51.9272 [DEBUG] Validating model...
2019-04-16 12:23:52.1585 [DEBUG] Model updated
2019-04-16 12:23:52.1605 [DEBUG] Authenticating with server...
2019-04-16 12:23:55.3932 [DEBUG] Connected to room. (94295:SceneFusion:SceneFusion)
2019-04-16 12:23:55.4121 [INFO] Connected to server.
2019-04-16 12:23:55.4141 [DEBUG] OS : Microsoft Windows NT 10.0.17134.0
2019-04-16 12:23:55.4141 [DEBUG] Unity Version : 2018.3.9f1
2019-04-16 12:23:55.4151 [DEBUG] Pro License : False
2019-04-16 12:23:55.4151 [DEBUG] Platform : WindowsEditor
2019-04-16 12:23:55.4151 [DEBUG] Build Target : StandaloneWindows64
2019-04-16 12:23:55.4161 [DEBUG] Scene Fusion version : 1.8.2
2019-04-16 12:23:55.4161 [DEBUG] Scene Fusion client build : 2
2019-04-16 12:23:55.4161 [DEBUG] User : fragneborn@gmail.com
2019-04-16 12:23:56.2143 [DEBUG] Tier: Scene Fusion - Free, Permissions: 00001400
2019-04-16 12:23:56.2153 [DEBUG] User Permissions: FFFFFFFF
2019-04-16 12:23:56.4103 [DEBUG] No stand-in for UnityEngine.LocalizationAsset
2019-04-16 12:23:56.4103 [DEBUG] No stand-in for UnityEngine.ProceduralMaterial
2019-04-16 12:23:56.4103 [DEBUG] No stand-in for UnityEngine.ProceduralTexture
2019-04-16 12:23:56.4112 [DEBUG] No stand-in for UnityEngine.TerrainLayer
2019-04-16 12:23:56.4112 [DEBUG] No stand-in for UnityEngine.Experimental.VFX.VisualEffectAsset
2019-04-16 12:25:47.5226 [DEBUG] Play mode: False
2019-04-16 12:25:49.1197 [DEBUG] Loading complete
2019-04-16 12:29:45.6786 [DEBUG] Disconnecting temporarily to recompile.
2019-04-16 12:29:45.6806 [DEBUG] Disconnecting from room (94295:SceneFusion:SceneFusion)
2019-04-16 12:29:45.6866 [INFO] Disconnected from server.
2019-04-16 12:29:45.6866 [DEBUG] Disconnect. (Duration: 239)
2019-04-16 12:29:56.5611 [DEBUG] Scene Fusion version 1.8.2-2
2019-04-16 12:29:57.8631 [INFO] Component 'MainMenu' is different from the server. Components of this type will not sync.
2019-04-16 12:29:58.1164 [DEBUG] Connecting
2019-04-16 12:29:58.1946 [DEBUG] Connecting to room (94295:SceneFusion:SceneFusion) via TCP at roommanager-ec2-18-228-191-46.kinematicsoup.com:21312
2019-04-16 12:29:58.2315 [DEBUG] Guest connection. (Session: 94295)
2019-04-16 12:29:58.4553 [DEBUG] Validating model...
2019-04-16 12:29:58.6946 [DEBUG] Model updated
2019-04-16 12:29:58.6956 [DEBUG] Authenticating with server...
2019-04-16 12:30:02.2554 [DEBUG] Connected to room. (94295:SceneFusion:SceneFusion)
2019-04-16 12:30:02.2734 [INFO] Connected to server.
2019-04-16 12:30:02.2754 [DEBUG] OS : Microsoft Windows NT 10.0.17134.0
2019-04-16 12:30:02.2754 [DEBUG] Unity Version : 2018.3.9f1
2019-04-16 12:30:02.2754 [DEBUG] Pro License : False
2019-04-16 12:30:02.2764 [DEBUG] Platform : WindowsEditor
2019-04-16 12:30:02.2764 [DEBUG] Build Target : StandaloneWindows64
2019-04-16 12:30:02.2764 [DEBUG] Scene Fusion version : 1.8.2
2019-04-16 12:30:02.2764 [DEBUG] Scene Fusion client build : 2
2019-04-16 12:30:02.2774 [DEBUG] User : fragneborn@gmail.com
2019-04-16 12:30:02.2774 [DEBUG] Waiting for server response
2019-04-16 12:30:02.8199 [DEBUG] Tier: Scene Fusion - Free, Permissions: 00001400
2019-04-16 12:30:02.8199 [DEBUG] User Permissions: FFFFFFFF
2019-04-16 12:30:03.1550 [DEBUG] No stand-in for UnityEngine.LocalizationAsset
2019-04-16 12:30:03.1550 [DEBUG] No stand-in for UnityEngine.ProceduralMaterial
2019-04-16 12:30:03.1550 [DEBUG] No stand-in for UnityEngine.ProceduralTexture
2019-04-16 12:30:03.1550 [DEBUG] No stand-in for UnityEngine.TerrainLayer
2019-04-16 12:30:03.1550 [DEBUG] No stand-in for UnityEngine.Experimental.VFX.VisualEffectAsset
2019-04-16 12:30:04.4908 [WARNING] Property mismatch detected on 'MainMenu'. Your script source code may be out of sync.
2019-04-16 12:30:04.8768 [DEBUG] Loading complete
2019-04-16 12:30:12.2447 [DEBUG] Disconnecting from room (94295:SceneFusion:SceneFusion)
2019-04-16 12:30:12.2607 [INFO] Disconnected from server.
2019-04-16 12:30:12.2617 [DEBUG] Disconnect. (Duration: 266)
