2019-04-16 11:25:54.2714 [DEBUG] Scene Fusion version 1.8.2-2
2019-04-16 11:25:54.2977 [INFO] Setting define symbol SCENE_FUSION
2019-04-16 11:26:00.9823 [DEBUG] Scene Fusion version 1.8.2-2
2019-04-16 11:40:14.9552 [DEBUG] Scene Fusion version 1.8.2-2
2019-04-16 11:40:14.9921 [INFO] Setting define symbol SCENE_FUSION
2019-04-16 11:40:28.8373 [DEBUG] Scene Fusion version 1.8.2-2
2019-04-16 11:40:55.5641 [DEBUG] Connecting
2019-04-16 11:40:55.6250 [DEBUG] Connecting to room (94295:SceneFusion:SceneFusion) via TCP at roommanager-ec2-18-228-191-46.kinematicsoup.com:21312
2019-04-16 12:30:12.4283 [DEBUG] Sent C:/Users/Bruger/Documents/GitHub/Othello-B2-8/KSEditorLogs/SessionLogs/session.94295-636910116556659064.log
2019-04-16 12:31:25.2124 [ERROR] NullReferenceException: Object reference not set to an instance of an object
UnityEditor.GameObjectInspector.ClearPreviewCache () (at C:/buildslave/unity/build/Editor/Mono/Inspector/GameObjectInspector.cs:201)
UnityEditor.GameObjectInspector.OnDisable () (at C:/buildslave/unity/build/Editor/Mono/Inspector/GameObjectInspector.cs:189)
UnityEngine.Object:DestroyImmediate(Object)
KS.SceneFusion.Client.Editor.OverrideEditor:OnDisable()
KS.SceneFusion.Client.Editor.GameObjectEditor:OnDisable()

2019-04-16 12:31:29.6007 [DEBUG] Scene Fusion version 1.8.2-2
2019-04-16 12:31:29.8002 [DEBUG] Play mode: True, sync in play mode: False
2019-04-16 12:31:39.0791 [DEBUG] Play mode: False
2019-04-16 12:31:46.0891 [DEBUG] Scene Fusion version 1.8.2-2
2019-04-16 12:31:46.3354 [DEBUG] Play mode: True, sync in play mode: False
2019-04-16 12:31:52.1672 [DEBUG] Play mode: False
2019-04-16 12:31:59.6964 [DEBUG] Scene Fusion version 1.8.2-2
2019-04-16 12:31:59.9028 [DEBUG] Play mode: True, sync in play mode: False
2019-04-16 12:33:24.3788 [DEBUG] Play mode: False
2019-04-16 12:35:21.8765 [DEBUG] Scene Fusion version 1.8.2-2
2019-04-16 12:35:22.0540 [DEBUG] Play mode: True, sync in play mode: False
2019-04-16 12:35:46.6596 [DEBUG] Play mode: False
2019-04-16 12:36:16.8357 [DEBUG] Scene Fusion version 1.8.2-2
2019-04-16 12:36:17.0372 [DEBUG] Play mode: True, sync in play mode: False
2019-04-16 12:36:22.5763 [DEBUG] Play mode: False
2019-04-16 12:36:29.0933 [DEBUG] Scene Fusion version 1.8.2-2
2019-04-16 12:36:29.2798 [DEBUG] Play mode: True, sync in play mode: False
2019-04-16 12:36:36.2201 [DEBUG] Play mode: False
2019-04-16 12:41:14.3355 [DEBUG] Scene Fusion version 1.8.2-2
2019-04-16 12:41:14.5170 [DEBUG] Play mode: True, sync in play mode: False
2019-04-16 12:41:27.8476 [DEBUG] Play mode: False
2019-04-16 12:47:13.3694 [DEBUG] Scene Fusion version 1.8.2-2
2019-04-16 12:49:19.2978 [ERROR] NullReferenceException: Object reference not set to an instance of an object
UnityEditor.GameObjectInspector.ClearPreviewCache () (at C:/buildslave/unity/build/Editor/Mono/Inspector/GameObjectInspector.cs:201)
UnityEditor.GameObjectInspector.OnDisable () (at C:/buildslave/unity/build/Editor/Mono/Inspector/GameObjectInspector.cs:189)
UnityEngine.Object:DestroyImmediate(Object)
KS.SceneFusion.Client.Editor.OverrideEditor:OnDisable()
KS.SceneFusion.Client.Editor.GameObjectEditor:OnDisable()

2019-04-16 12:49:22.8302 [DEBUG] Scene Fusion version 1.8.2-2
2019-04-16 12:49:22.9758 [DEBUG] Play mode: True, sync in play mode: False
2019-04-16 12:49:28.4916 [DEBUG] Play mode: False
2019-04-16 12:50:13.4606 [DEBUG] Scene Fusion version 1.8.2-2
2019-04-16 12:50:13.6282 [DEBUG] Play mode: True, sync in play mode: False
2019-04-16 12:50:22.4577 [DEBUG] Play mode: False
2019-04-16 12:54:00.1697 [DEBUG] Scene Fusion version 1.8.2-2
2019-04-16 12:54:00.3407 [DEBUG] Play mode: True, sync in play mode: False
2019-04-16 12:54:04.0676 [DEBUG] Play mode: False
2019-04-16 12:54:20.2036 [DEBUG] Scene Fusion version 1.8.2-2
2019-04-16 12:54:20.3502 [DEBUG] Play mode: True, sync in play mode: False
2019-04-16 12:54:22.4125 [DEBUG] Play mode: False
2019-04-16 12:55:17.5103 [DEBUG] Scene Fusion version 1.8.2-2
2019-04-16 12:55:17.6559 [DEBUG] Play mode: True, sync in play mode: False
2019-04-16 12:55:19.8618 [DEBUG] Play mode: False
2019-04-16 12:58:16.3255 [DEBUG] Scene Fusion version 1.8.2-2
2019-04-16 12:58:16.5000 [DEBUG] Play mode: True, sync in play mode: False
2019-04-16 12:58:24.1806 [DEBUG] Play mode: False
2019-04-16 12:58:29.6836 [DEBUG] Scene Fusion version 1.8.2-2
2019-04-16 12:58:29.8541 [DEBUG] Play mode: True, sync in play mode: False
2019-04-16 12:58:34.4696 [DEBUG] Play mode: False
2019-04-16 13:00:19.2746 [DEBUG] Scene Fusion version 1.8.2-2
2019-04-16 13:00:19.4221 [DEBUG] Play mode: True, sync in play mode: False
2019-04-16 13:00:24.7535 [DEBUG] Play mode: False
2019-04-16 13:02:22.7588 [DEBUG] Scene Fusion version 1.8.2-2
2019-04-16 13:02:22.9209 [DEBUG] Play mode: True, sync in play mode: False
2019-04-16 13:02:37.1994 [DEBUG] Play mode: False
2019-04-16 13:02:52.1325 [DEBUG] Scene Fusion version 1.8.2-2
2019-04-16 13:02:52.2916 [DEBUG] Play mode: True, sync in play mode: False
2019-04-16 13:02:55.2559 [DEBUG] Play mode: False
2019-04-16 13:04:14.7040 [DEBUG] Scene Fusion version 1.8.2-2
2019-04-16 13:04:14.9553 [DEBUG] Play mode: True, sync in play mode: False
2019-04-16 13:04:16.4773 [DEBUG] Play mode: False
2019-04-16 13:04:28.6844 [DEBUG] Scene Fusion version 1.8.2-2
2019-04-16 13:04:28.9207 [DEBUG] Play mode: True, sync in play mode: False
2019-04-16 13:04:39.7303 [DEBUG] Play mode: False
2019-04-16 13:04:46.3599 [DEBUG] Scene Fusion version 1.8.2-2
2019-04-16 13:04:46.5603 [DEBUG] Play mode: True, sync in play mode: False
2019-04-16 13:04:57.0679 [DEBUG] Play mode: False
2019-04-16 13:06:12.1674 [DEBUG] Scene Fusion version 1.8.2-2
2019-04-16 13:06:12.3688 [DEBUG] Play mode: True, sync in play mode: False
2019-04-16 13:06:30.8071 [DEBUG] Play mode: False
2019-04-16 13:06:58.9674 [DEBUG] Scene Fusion version 1.8.2-2
2019-04-16 13:06:59.1718 [DEBUG] Play mode: True, sync in play mode: False
2019-04-16 13:07:38.0259 [DEBUG] Play mode: False
2019-04-16 13:07:43.8262 [DEBUG] Scene Fusion version 1.8.2-2
2019-04-16 13:07:44.0117 [DEBUG] Play mode: True, sync in play mode: False
2019-04-16 13:07:54.3205 [DEBUG] Play mode: False
2019-04-16 13:08:10.2071 [DEBUG] Scene Fusion version 1.8.2-2
2019-04-16 13:08:10.4654 [DEBUG] Play mode: True, sync in play mode: False
2019-04-16 13:08:20.3240 [DEBUG] Play mode: False
2019-04-16 13:08:31.0440 [DEBUG] Scene Fusion version 1.8.2-2
2019-04-16 13:08:31.2604 [DEBUG] Play mode: True, sync in play mode: False
2019-04-16 13:08:54.5848 [DEBUG] Play mode: False
2019-04-16 13:10:25.0849 [DEBUG] Scene Fusion version 1.8.2-2
2019-04-16 13:10:25.3422 [DEBUG] Play mode: True, sync in play mode: False
2019-04-16 13:12:10.1284 [DEBUG] Play mode: False
2019-04-16 13:13:43.7585 [DEBUG] Scene Fusion version 1.8.2-2
2019-04-16 13:13:43.9819 [DEBUG] Play mode: True, sync in play mode: False
2019-04-16 13:15:43.3752 [DEBUG] Play mode: False
2019-04-16 13:15:49.9528 [DEBUG] Scene Fusion version 1.8.2-2
2019-04-16 13:15:50.1527 [DEBUG] Play mode: True, sync in play mode: False
2019-04-16 13:16:09.8824 [DEBUG] Play mode: False
2019-04-16 13:16:58.7880 [DEBUG] Scene Fusion version 1.8.2-2
2019-04-16 13:16:59.0924 [DEBUG] Play mode: True, sync in play mode: False
2019-04-16 13:17:08.6308 [DEBUG] Play mode: False
2019-04-16 13:17:39.2610 [DEBUG] Scene Fusion version 1.8.2-2
2019-04-16 13:17:39.5069 [DEBUG] Play mode: True, sync in play mode: False
2019-04-16 13:19:18.5990 [DEBUG] Play mode: False
2019-04-16 13:20:24.0075 [DEBUG] Scene Fusion version 1.8.2-2
2019-04-16 13:20:24.2548 [DEBUG] Play mode: True, sync in play mode: False
2019-04-16 13:21:12.6975 [DEBUG] Play mode: False
2019-04-16 13:22:11.1914 [DEBUG] Scene Fusion version 1.8.2-2
2019-04-16 13:22:11.4467 [DEBUG] Play mode: True, sync in play mode: False
2019-04-16 13:23:26.3836 [DEBUG] Play mode: False
2019-04-16 13:24:42.5846 [DEBUG] Scene Fusion version 1.8.2-2
2019-04-16 13:24:42.8379 [DEBUG] Play mode: True, sync in play mode: False
2019-04-16 13:25:47.1099 [DEBUG] Play mode: False
2019-04-16 13:39:26.8169 [DEBUG] Scene Fusion version 1.8.2-2
2019-04-16 13:40:59.2408 [ERROR] NullReferenceException: Object reference not set to an instance of an object
UnityEditor.GameObjectInspector.ClearPreviewCache () (at C:/buildslave/unity/build/Editor/Mono/Inspector/GameObjectInspector.cs:201)
UnityEditor.GameObjectInspector.OnDisable () (at C:/buildslave/unity/build/Editor/Mono/Inspector/GameObjectInspector.cs:189)
UnityEngine.Object:DestroyImmediate(Object)
KS.SceneFusion.Client.Editor.OverrideEditor:OnDisable()
KS.SceneFusion.Client.Editor.GameObjectEditor:OnDisable()

2019-04-16 13:41:07.7502 [DEBUG] Scene Fusion version 1.8.2-2
2019-04-16 13:41:08.0459 [DEBUG] Play mode: True, sync in play mode: False
2019-04-16 13:42:50.5482 [DEBUG] Play mode: False
2019-04-16 13:43:00.5009 [DEBUG] Scene Fusion version 1.8.2-2
2019-04-16 13:43:00.7593 [DEBUG] Play mode: True, sync in play mode: False
2019-04-16 13:43:06.2955 [DEBUG] Play mode: False
2019-04-16 13:44:15.8779 [DEBUG] Scene Fusion version 1.8.2-2
2019-04-16 13:44:16.2011 [DEBUG] Play mode: True, sync in play mode: False
2019-04-16 13:44:29.8060 [DEBUG] Play mode: False
2019-04-16 13:44:59.7380 [DEBUG] Scene Fusion version 1.8.2-2
2019-04-16 13:44:59.9984 [DEBUG] Play mode: True, sync in play mode: False
2019-04-16 13:45:05.6272 [DEBUG] Play mode: False
2019-04-16 13:45:12.2657 [DEBUG] Scene Fusion version 1.8.2-2
2019-04-16 13:45:12.4762 [DEBUG] Play mode: True, sync in play mode: False
2019-04-16 13:45:38.6191 [DEBUG] Play mode: False
2019-04-16 13:45:49.3999 [DEBUG] Scene Fusion version 1.8.2-2
2019-04-16 13:45:49.6053 [DEBUG] Play mode: True, sync in play mode: False
2019-04-16 13:45:55.8704 [DEBUG] Play mode: False
2019-04-16 13:46:37.5678 [DEBUG] Scene Fusion version 1.8.2-2
2019-04-16 13:46:37.7887 [DEBUG] Play mode: True, sync in play mode: False
2019-04-16 13:46:42.2908 [DEBUG] Play mode: False
2019-04-16 13:48:09.8538 [DEBUG] Scene Fusion version 1.8.2-2
2019-04-16 13:48:10.1007 [DEBUG] Play mode: True, sync in play mode: False
2019-04-16 13:50:06.4170 [DEBUG] Play mode: False
2019-04-16 14:01:59.5149 [DEBUG] Scene Fusion version 1.8.2-2
2019-04-16 14:01:59.7573 [DEBUG] Play mode: True, sync in play mode: False
2019-04-16 14:03:32.5514 [DEBUG] Play mode: False
2019-04-16 14:12:04.3269 [DEBUG] Scene Fusion version 1.8.2-2
2019-04-16 14:12:04.4969 [DEBUG] Play mode: True, sync in play mode: False
2019-04-16 14:17:17.8118 [DEBUG] Play mode: False
2019-04-16 14:17:51.4934 [DEBUG] Scene Fusion version 1.8.2-2
2019-04-16 14:17:51.6520 [DEBUG] Play mode: True, sync in play mode: False
2019-04-16 14:20:14.7345 [DEBUG] Play mode: False
2019-04-16 14:21:00.8224 [DEBUG] Scene Fusion version 1.8.2-2
2019-04-16 14:21:00.9915 [DEBUG] Play mode: True, sync in play mode: False
2019-04-16 14:21:04.0921 [DEBUG] Play mode: False
2019-04-16 14:22:14.3692 [DEBUG] Scene Fusion version 1.8.2-2
2019-04-16 14:22:14.5278 [DEBUG] Play mode: True, sync in play mode: False
2019-04-16 14:22:23.9883 [DEBUG] Play mode: False
2019-04-16 14:24:10.7786 [DEBUG] Scene Fusion version 1.8.2-2
2019-04-16 14:24:10.9312 [DEBUG] Play mode: True, sync in play mode: False
2019-04-16 14:24:21.6845 [DEBUG] Play mode: False
